2022-11-16 15:32:21,674 INFO o.a.j.u.JMeterUtils: Setting Locale to en_EN
2022-11-16 15:32:21,702 INFO o.a.j.JMeter: Loading user properties from: user.properties
2022-11-16 15:32:21,703 INFO o.a.j.JMeter: Loading system properties from: system.properties
2022-11-16 15:32:21,723 INFO o.a.j.JMeter: Copyright (c) 1998-2022 The Apache Software Foundation
2022-11-16 15:32:21,723 INFO o.a.j.JMeter: Version 5.5
2022-11-16 15:32:21,724 INFO o.a.j.JMeter: java.version=1.8.0_352
2022-11-16 15:32:21,724 INFO o.a.j.JMeter: java.vm.name=OpenJDK 64-Bit Server VM
2022-11-16 15:32:21,724 INFO o.a.j.JMeter: os.name=Windows 10
2022-11-16 15:32:21,724 INFO o.a.j.JMeter: os.arch=amd64
2022-11-16 15:32:21,724 INFO o.a.j.JMeter: os.version=10.0
2022-11-16 15:32:21,724 INFO o.a.j.JMeter: file.encoding=Cp1252
2022-11-16 15:32:21,724 INFO o.a.j.JMeter: java.awt.headless=true
2022-11-16 15:32:21,724 INFO o.a.j.JMeter: Max memory     =1073741824
2022-11-16 15:32:21,725 INFO o.a.j.JMeter: Available Processors =8
2022-11-16 15:32:21,741 INFO o.a.j.JMeter: Default Locale=English (EN)
2022-11-16 15:32:21,742 INFO o.a.j.JMeter: JMeter  Locale=English (EN)
2022-11-16 15:32:21,742 INFO o.a.j.JMeter: JMeterHome=C:\Users\AuxiP\apache-jmeter-5.5
2022-11-16 15:32:21,742 INFO o.a.j.JMeter: user.dir  =C:\Users\AuxiP\apache-jmeter-5.5\bin
2022-11-16 15:32:21,743 INFO o.a.j.JMeter: PWD       =C:\Users\AuxiP\apache-jmeter-5.5\bin
2022-11-16 15:32:21,745 INFO o.a.j.JMeter: IP: 10.55.215.215 Name: QHSL32843 FullName: QHSL32843.b2b.regn.net
2022-11-16 15:32:21,838 INFO o.a.j.r.RmiUtils: System property 'java.rmi.server.hostname' is not defined, using localHost address
2022-11-16 15:32:21,838 INFO o.a.j.r.RmiUtils: Local IP address=10.55.215.215
2022-11-16 15:32:22,591 ERROR o.a.j.JMeter: Giving up, as server failed with:
java.rmi.server.ExportException: Listen failed on port: 0; nested exception is: 
	java.io.FileNotFoundException: rmi_keystore.jks (The system cannot find the file specified)
	at sun.rmi.transport.tcp.TCPTransport.listen(TCPTransport.java:348) ~[?:1.8.0_352]
	at sun.rmi.transport.tcp.TCPTransport.exportObject(TCPTransport.java:254) ~[?:1.8.0_352]
	at sun.rmi.transport.tcp.TCPEndpoint.exportObject(TCPEndpoint.java:412) ~[?:1.8.0_352]
	at sun.rmi.transport.LiveRef.exportObject(LiveRef.java:147) ~[?:1.8.0_352]
	at sun.rmi.server.UnicastServerRef.exportObject(UnicastServerRef.java:237) ~[?:1.8.0_352]
	at java.rmi.server.UnicastRemoteObject.exportObject(UnicastRemoteObject.java:383) ~[?:1.8.0_352]
	at java.rmi.server.UnicastRemoteObject.exportObject(UnicastRemoteObject.java:346) ~[?:1.8.0_352]
	at java.rmi.server.UnicastRemoteObject.<init>(UnicastRemoteObject.java:225) ~[?:1.8.0_352]
	at org.apache.jmeter.engine.RemoteJMeterEngineImpl.<init>(RemoteJMeterEngineImpl.java:68) ~[ApacheJMeter_core.jar:5.5]
	at org.apache.jmeter.engine.RemoteJMeterEngineImpl.startServer(RemoteJMeterEngineImpl.java:74) ~[ApacheJMeter_core.jar:5.5]
	at org.apache.jmeter.JMeter.start(JMeter.java:441) ~[ApacheJMeter_core.jar:5.5]
	at sun.reflect.NativeMethodAccessorImpl.invoke0(Native Method) ~[?:1.8.0_352]
	at sun.reflect.NativeMethodAccessorImpl.invoke(NativeMethodAccessorImpl.java:62) ~[?:1.8.0_352]
	at sun.reflect.DelegatingMethodAccessorImpl.invoke(DelegatingMethodAccessorImpl.java:43) ~[?:1.8.0_352]
	at java.lang.reflect.Method.invoke(Method.java:498) ~[?:1.8.0_352]
	at org.apache.jmeter.NewDriver.main(NewDriver.java:259) ~[ApacheJMeter.jar:5.5]
Caused by: java.io.FileNotFoundException: rmi_keystore.jks (The system cannot find the file specified)
	at java.io.FileInputStream.open0(Native Method) ~[?:1.8.0_352]
	at java.io.FileInputStream.open(FileInputStream.java:195) ~[?:1.8.0_352]
	at java.io.FileInputStream.<init>(FileInputStream.java:138) ~[?:1.8.0_352]
	at java.io.FileInputStream.<init>(FileInputStream.java:93) ~[?:1.8.0_352]
	at org.apache.jmeter.rmi.SSLRMIServerSocketFactory.loadStore(SSLRMIServerSocketFactory.java:147) ~[ApacheJMeter_core.jar:5.5]
	at org.apache.jmeter.rmi.SSLRMIServerSocketFactory.createServerSocket(SSLRMIServerSocketFactory.java:99) ~[ApacheJMeter_core.jar:5.5]
	at sun.rmi.transport.tcp.TCPEndpoint.newServerSocket(TCPEndpoint.java:670) ~[?:1.8.0_352]
	at sun.rmi.transport.tcp.TCPTransport.listen(TCPTransport.java:335) ~[?:1.8.0_352]
	... 15 more
2022-11-16 15:32:22,596 ERROR o.a.j.JMeter: An error occurred: 
java.rmi.server.ExportException: Listen failed on port: 0; nested exception is: 
	java.io.FileNotFoundException: rmi_keystore.jks (The system cannot find the file specified)
	at sun.rmi.transport.tcp.TCPTransport.listen(TCPTransport.java:348) ~[?:1.8.0_352]
	at sun.rmi.transport.tcp.TCPTransport.exportObject(TCPTransport.java:254) ~[?:1.8.0_352]
	at sun.rmi.transport.tcp.TCPEndpoint.exportObject(TCPEndpoint.java:412) ~[?:1.8.0_352]
	at sun.rmi.transport.LiveRef.exportObject(LiveRef.java:147) ~[?:1.8.0_352]
	at sun.rmi.server.UnicastServerRef.exportObject(UnicastServerRef.java:237) ~[?:1.8.0_352]
	at java.rmi.server.UnicastRemoteObject.exportObject(UnicastRemoteObject.java:383) ~[?:1.8.0_352]
	at java.rmi.server.UnicastRemoteObject.exportObject(UnicastRemoteObject.java:346) ~[?:1.8.0_352]
	at java.rmi.server.UnicastRemoteObject.<init>(UnicastRemoteObject.java:225) ~[?:1.8.0_352]
	at org.apache.jmeter.engine.RemoteJMeterEngineImpl.<init>(RemoteJMeterEngineImpl.java:68) ~[ApacheJMeter_core.jar:5.5]
	at org.apache.jmeter.engine.RemoteJMeterEngineImpl.startServer(RemoteJMeterEngineImpl.java:74) ~[ApacheJMeter_core.jar:5.5]
	at org.apache.jmeter.JMeter.start(JMeter.java:441) ~[ApacheJMeter_core.jar:5.5]
	at sun.reflect.NativeMethodAccessorImpl.invoke0(Native Method) ~[?:1.8.0_352]
	at sun.reflect.NativeMethodAccessorImpl.invoke(NativeMethodAccessorImpl.java:62) ~[?:1.8.0_352]
	at sun.reflect.DelegatingMethodAccessorImpl.invoke(DelegatingMethodAccessorImpl.java:43) ~[?:1.8.0_352]
	at java.lang.reflect.Method.invoke(Method.java:498) ~[?:1.8.0_352]
	at org.apache.jmeter.NewDriver.main(NewDriver.java:259) ~[ApacheJMeter.jar:5.5]
Caused by: java.io.FileNotFoundException: rmi_keystore.jks (The system cannot find the file specified)
	at java.io.FileInputStream.open0(Native Method) ~[?:1.8.0_352]
	at java.io.FileInputStream.open(FileInputStream.java:195) ~[?:1.8.0_352]
	at java.io.FileInputStream.<init>(FileInputStream.java:138) ~[?:1.8.0_352]
	at java.io.FileInputStream.<init>(FileInputStream.java:93) ~[?:1.8.0_352]
	at org.apache.jmeter.rmi.SSLRMIServerSocketFactory.loadStore(SSLRMIServerSocketFactory.java:147) ~[ApacheJMeter_core.jar:5.5]
	at org.apache.jmeter.rmi.SSLRMIServerSocketFactory.createServerSocket(SSLRMIServerSocketFactory.java:99) ~[ApacheJMeter_core.jar:5.5]
	at sun.rmi.transport.tcp.TCPEndpoint.newServerSocket(TCPEndpoint.java:670) ~[?:1.8.0_352]
	at sun.rmi.transport.tcp.TCPTransport.listen(TCPTransport.java:335) ~[?:1.8.0_352]
	... 15 more
